<?xml version="1.0" encoding="UTF-8"?>
<!-- Generated by org.testng.reporters.JUnitReportReporter -->
<testsuite hostname="IN-5NM9WP3" failures="0" tests="3" name="com.qa.gorest.tests.CreateUserTest" time="2.345" errors="0" timestamp="2023-12-23T15:57:28 IST" skipped="0">
  <testcase classname="com.qa.gorest.tests.CreateUserTest" name="createUserTest" time="0.750"/>
  <testcase classname="com.qa.gorest.tests.CreateUserTest" name="createUserTest" time="1.102"/>
  <testcase classname="com.qa.gorest.tests.CreateUserTest" name="createUserTest" time="0.493"/>
</testsuite> <!-- com.qa.gorest.tests.CreateUserTest -->
