<?xml version="1.0" encoding="UTF-8"?>
<!-- Generated by org.testng.reporters.JUnitReportReporter -->
<testsuite hostname="IN-5NM9WP3" failures="0" tests="3" name="com.qa.gorest.tests.GetUserTest" time="1.857" errors="0" timestamp="2023-12-23T15:57:28 IST" skipped="0">
  <testcase classname="com.qa.gorest.tests.GetUserTest" name="getUser" time="0.590"/>
  <testcase classname="com.qa.gorest.tests.GetUserTest" name="getAllUsers" time="0.990"/>
  <testcase classname="com.qa.gorest.tests.GetUserTest" name="getUserWithQueryParams" time="0.277"/>
</testsuite> <!-- com.qa.gorest.tests.GetUserTest -->
