<?xml version="1.0" encoding="UTF-8"?>
<!-- Generated by org.testng.reporters.JUnitReportReporter -->
<testsuite hostname="IN-5NM9WP3" failures="0" tests="1" name="com.qa.gorest.tests.CircuitTest" time="0.557" errors="0" timestamp="2023-12-23T15:57:28 IST" skipped="0">
  <testcase classname="com.qa.gorest.tests.CircuitTest" name="getAllUsersTest" time="0.557"/>
</testsuite> <!-- com.qa.gorest.tests.CircuitTest -->
